# JRE version: Java(TM) SE Runtime Environment (7.0_79-b15) (build 1.7.0_79-b15)
# Java VM: Java HotSpot(TM) 64-Bit Server VM (24.79-b02 mixed mode windows-amd64 compressed oops)
Heap
 PSYoungGen      total 135680K, used 41962K [0x00000000eaa80000, 0x00000000fc780000, 0x0000000100000000)
  eden space 120320K, 26% used [0x00000000eaa80000,0x00000000ec912990,0x00000000f2000000)
  from space 15360K, 69% used [0x00000000f2000000,0x00000000f2a68060,0x00000000f2f00000)
  to   space 25600K, 0% used [0x00000000fae80000,0x00000000fae80000,0x00000000fc780000)
 ParOldGen       total 81408K, used 40540K [0x00000000c0000000, 0x00000000c4f80000, 0x00000000eaa80000)
  object space 81408K, 49% used [0x00000000c0000000,0x00000000c2797070,0x00000000c4f80000)
 PSPermGen       total 21504K, used 5781K [0x00000000bae00000, 0x00000000bc300000, 0x00000000c0000000)
  object space 21504K, 26% used [0x00000000bae00000,0x00000000bb3a5630,0x00000000bc300000)
GC Heap History (10 events):
Event: 5.438 GC heap before
{Heap before GC invocations=4 (full 0):
 PSYoungGen      total 33280K, used 33280K [0x00000000eaa80000, 0x00000000eeb80000, 0x0000000100000000)
  eden space 30720K, 100% used [0x00000000eaa80000,0x00000000ec880000,0x00000000ec880000)
  from space 2560K, 100% used [0x00000000ec880000,0x00000000ecb00000,0x00000000ecb00000)
  to   space 2560K, 0% used [0x00000000ee900000,0x00000000ee900000,0x00000000eeb80000)
 ParOldGen       total 40960K, used 8482K [0x00000000c0000000, 0x00000000c2800000, 0x00000000eaa80000)
  object space 40960K, 20% used [0x00000000c0000000,0x00000000c08489d0,0x00000000c2800000)
 PSPermGen       total 21504K, used 5655K [0x00000000bae00000, 0x00000000bc300000, 0x00000000c0000000)
  object space 21504K, 26% used [0x00000000bae00000,0x00000000bb385fb0,0x00000000bc300000)
Event: 5.465 GC heap after
Heap after GC invocations=4 (full 0):
 PSYoungGen      total 64000K, used 2547K [0x00000000eaa80000, 0x00000000eeb80000, 0x0000000100000000)
  eden space 61440K, 0% used [0x00000000eaa80000,0x00000000eaa80000,0x00000000ee680000)
  from space 2560K, 99% used [0x00000000ee900000,0x00000000eeb7cd28,0x00000000eeb80000)
  to   space 2560K, 0% used [0x00000000ee680000,0x00000000ee680000,0x00000000ee900000)
 ParOldGen       total 40960K, used 13571K [0x00000000c0000000, 0x00000000c2800000, 0x00000000eaa80000)
  object space 40960K, 33% used [0x00000000c0000000,0x00000000c0d40ce0,0x00000000c2800000)
 PSPermGen       total 21504K, used 5655K [0x00000000bae00000, 0x00000000bc300000, 0x00000000c0000000)
  object space 21504K, 26% used [0x00000000bae00000,0x00000000bb385fb0,0x00000000bc300000)
}
Event: 6.905 GC heap before
{Heap before GC invocations=5 (full 0):
 PSYoungGen      total 64000K, used 63987K [0x00000000eaa80000, 0x00000000eeb80000, 0x0000000100000000)
  eden space 61440K, 100% used [0x00000000eaa80000,0x00000000ee680000,0x00000000ee680000)
  from space 2560K, 99% used [0x00000000ee900000,0x00000000eeb7cd28,0x00000000eeb80000)
  to   space 2560K, 0% used [0x00000000ee680000,0x00000000ee680000,0x00000000ee900000)
 ParOldGen       total 40960K, used 13571K [0x00000000c0000000, 0x00000000c2800000, 0x00000000eaa80000)
  object space 40960K, 33% used [0x00000000c0000000,0x00000000c0d40ce0,0x00000000c2800000)
 PSPermGen       total 21504K, used 5698K [0x00000000bae00000, 0x00000000bc300000, 0x00000000c0000000)
  object space 21504K, 26% used [0x00000000bae00000,0x00000000bb3908d0,0x00000000bc300000)
Event: 6.943 GC heap after
Heap after GC invocations=5 (full 0):
 PSYoungGen      total 64000K, used 2536K [0x00000000eaa80000, 0x00000000f3b80000, 0x0000000100000000)
  eden space 61440K, 0% used [0x00000000eaa80000,0x00000000eaa80000,0x00000000ee680000)
  from space 2560K, 99% used [0x00000000ee680000,0x00000000ee8fa2b0,0x00000000ee900000)
  to   space 12800K, 0% used [0x00000000f2f00000,0x00000000f2f00000,0x00000000f3b80000)
 ParOldGen       total 40960K, used 22894K [0x00000000c0000000, 0x00000000c2800000, 0x00000000eaa80000)
  object space 40960K, 55% used [0x00000000c0000000,0x00000000c165bb60,0x00000000c2800000)
 PSPermGen       total 21504K, used 5698K [0x00000000bae00000, 0x00000000bc300000, 0x00000000c0000000)
  object space 21504K, 26% used [0x00000000bae00000,0x00000000bb3908d0,0x00000000bc300000)
}
Event: 7.550 GC heap before
{Heap before GC invocations=6 (full 0):
 PSYoungGen      total 64000K, used 63976K [0x00000000eaa80000, 0x00000000f3b80000, 0x0000000100000000)
  eden space 61440K, 100% used [0x00000000eaa80000,0x00000000ee680000,0x00000000ee680000)
  from space 2560K, 99% used [0x00000000ee680000,0x00000000ee8fa2b0,0x00000000ee900000)
  to   space 12800K, 0% used [0x00000000f2f00000,0x00000000f2f00000,0x00000000f3b80000)
 ParOldGen       total 40960K, used 22894K [0x00000000c0000000, 0x00000000c2800000, 0x00000000eaa80000)
  object space 40960K, 55% used [0x00000000c0000000,0x00000000c165bb60,0x00000000c2800000)
 PSPermGen       total 21504K, used 5721K [0x00000000bae00000, 0x00000000bc300000, 0x00000000c0000000)
  object space 21504K, 26% used [0x00000000bae00000,0x00000000bb396650,0x00000000bc300000)
Event: 7.659 GC heap after
Heap after GC invocations=6 (full 0):
 PSYoungGen      total 133120K, used 12798K [0x00000000eaa80000, 0x00000000f4080000, 0x0000000100000000)
  eden space 120320K, 0% used [0x00000000eaa80000,0x00000000eaa80000,0x00000000f2000000)
  from space 12800K, 99% used [0x00000000f2f00000,0x00000000f3b7fb08,0x00000000f3b80000)
  to   space 15360K, 0% used [0x00000000f2000000,0x00000000f2000000,0x00000000f2f00000)
 ParOldGen       total 40960K, used 23435K [0x00000000c0000000, 0x00000000c2800000, 0x00000000eaa80000)
  object space 40960K, 57% used [0x00000000c0000000,0x00000000c16e2cc0,0x00000000c2800000)
 PSPermGen       total 21504K, used 5721K [0x00000000bae00000, 0x00000000bc300000, 0x00000000c0000000)
  object space 21504K, 26% used [0x00000000bae00000,0x00000000bb396650,0x00000000bc300000)
}
Event: 9.392 GC heap before
{Heap before GC invocations=7 (full 0):
 PSYoungGen      total 133120K, used 133118K [0x00000000eaa80000, 0x00000000f4080000, 0x0000000100000000)
  eden space 120320K, 100% used [0x00000000eaa80000,0x00000000f2000000,0x00000000f2000000)
  from space 12800K, 99% used [0x00000000f2f00000,0x00000000f3b7fb08,0x00000000f3b80000)
  to   space 15360K, 0% used [0x00000000f2000000,0x00000000f2000000,0x00000000f2f00000)
 ParOldGen       total 40960K, used 23435K [0x00000000c0000000, 0x00000000c2800000, 0x00000000eaa80000)
  object space 40960K, 57% used [0x00000000c0000000,0x00000000c16e2cc0,0x00000000c2800000)
 PSPermGen       total 21504K, used 5783K [0x00000000bae00000, 0x00000000bc300000, 0x00000000c0000000)
  object space 21504K, 26% used [0x00000000bae00000,0x00000000bb3a5e60,0x00000000bc300000)
Event: 9.564 GC heap after
Heap after GC invocations=7 (full 0):
 PSYoungGen      total 135680K, used 15346K [0x00000000eaa80000, 0x00000000fc780000, 0x0000000100000000)
  eden space 120320K, 0% used [0x00000000eaa80000,0x00000000eaa80000,0x00000000f2000000)
  from space 15360K, 99% used [0x00000000f2000000,0x00000000f2efc908,0x00000000f2f00000)
  to   space 25600K, 0% used [0x00000000fae80000,0x00000000fae80000,0x00000000fc780000)
 ParOldGen       total 40960K, used 38694K [0x00000000c0000000, 0x00000000c2800000, 0x00000000eaa80000)
  object space 40960K, 94% used [0x00000000c0000000,0x00000000c25c9a28,0x00000000c2800000)
 PSPermGen       total 21504K, used 5783K [0x00000000bae00000, 0x00000000bc300000, 0x00000000c0000000)
  object space 21504K, 26% used [0x00000000bae00000,0x00000000bb3a5e60,0x00000000bc300000)
}
Event: 9.564 GC heap before
{Heap before GC invocations=8 (full 1):
 PSYoungGen      total 135680K, used 15346K [0x00000000eaa80000, 0x00000000fc780000, 0x0000000100000000)
  eden space 120320K, 0% used [0x00000000eaa80000,0x00000000eaa80000,0x00000000f2000000)
  from space 15360K, 99% used [0x00000000f2000000,0x00000000f2efc908,0x00000000f2f00000)
  to   space 25600K, 0% used [0x00000000fae80000,0x00000000fae80000,0x00000000fc780000)
 ParOldGen       total 40960K, used 38694K [0x00000000c0000000, 0x00000000c2800000, 0x00000000eaa80000)
  object space 40960K, 94% used [0x00000000c0000000,0x00000000c25c9a28,0x00000000c2800000)
 PSPermGen       total 21504K, used 5783K [0x00000000bae00000, 0x00000000bc300000, 0x00000000c0000000)
  object space 21504K, 26% used [0x00000000bae00000,0x00000000bb3a5e60,0x00000000bc300000)
Event: 11.088 GC heap after
Heap after GC invocations=8 (full 1):
 PSYoungGen      total 135680K, used 10656K [0x00000000eaa80000, 0x00000000fc780000, 0x0000000100000000)
  eden space 120320K, 0% used [0x00000000eaa80000,0x00000000eaa80000,0x00000000f2000000)
  from space 15360K, 69% used [0x00000000f2000000,0x00000000f2a68060,0x00000000f2f00000)
  to   space 25600K, 0% used [0x00000000fae80000,0x00000000fae80000,0x00000000fc780000)
 ParOldGen       total 81408K, used 40540K [0x00000000c0000000, 0x00000000c4f80000, 0x00000000eaa80000)
  object space 81408K, 49% used [0x00000000c0000000,0x00000000c2797070,0x00000000c4f80000)
 PSPermGen       total 21504K, used 5777K [0x00000000bae00000, 0x00000000bc300000, 0x00000000c0000000)
  object space 21504K, 26% used [0x00000000bae00000,0x00000000bb3a47c8,0x00000000bc300000)
}

